<?xml version="1.0" encoding="UTF-8"?>
<testsuites name="TS_ProductNavigation" time="23.973" tests="1" failures="0" errors="0">
   <testsuite name="TS_ProductNavigation" tests="1" failures="0" errors="0" time="23.973" skipped="0" timestamp="08-02-2025T00:34:28" hostname="WINDOWS11 - Mohan" id="Test Suites/TS_ProductNavigation">
      <properties>
         <property name="deviceName" value=""/>
         <property name="devicePlatform"/>
         <property name="logFolder" value="C:\\Users\\WINDOWS11\\git\\TestAutomationwallmart\\Reports\\20250208_003422\\TS_ProductNavigation\\20250208_003422"/>
         <property name="logFiles" value="C:\\Users\\WINDOWS11\\git\\TestAutomationwallmart\\Reports\\20250208_003422\\TS_ProductNavigation\\20250208_003422\\execution0.log"/>
         <property name="attachments" value=""/>
         <property name="hostName" value="WINDOWS11 - Mohan"/>
         <property name="os" value="Windows 11 64bit"/>
         <property name="katalonVersion" value="10.1.0.223"/>
         <property name="browser" value="Chrome 132.0.6834.160"/>
         <property name="hostAddress" value="192.168.1.6"/>
         <property name="sessionId" value="febe43befedfa7ce01e86593cafcfe4d"/>
         <property name="seleniumVersion" value="4.22.0"/>
         <property name="proxyInformation" value="ProxyInformation { proxyOption=NO_PROXY, proxyServerType=HTTP, username=, password=********, proxyServerAddress=, proxyServerPort=0, executionList=&quot;&quot;, isApplyToDesiredCapabilities=true }"/>
         <property name="platform" value="Windows 11"/>
      </properties>
      <testcase name="Test Cases/TC_ProductNavigation" time="23.509" classname="Test Cases/TC_ProductNavigation" status="PASSED">
         <system-out><![CDATA[08-02-2025T00:34:28 - [TEST_CASE][PASSED] - Test Cases/TC_ProductNavigation: Test Cases/TC_ProductNavigation

08-02-2025T00:34:29 - [TEST_STEP][PASSED] - openBrowser(""): Browser is opened with url: ''

08-02-2025T00:34:29 - [MESSAGE][INFO] - Starting 'Chrome' driver

08-02-2025T00:34:30 - [MESSAGE][INFO] - Action delay is set to 0 milliseconds

08-02-2025T00:34:34 - [MESSAGE][PASSED] - Browser is opened with url: ''

08-02-2025T00:34:34 - [TEST_STEP][PASSED] - navigateToUrl("https://petstore.octoperf.com/"): Navigate to 'https://petstore.octoperf.com/' successfully

08-02-2025T00:34:35 - [MESSAGE][PASSED] - Navigate to 'https://petstore.octoperf.com/' successfully

08-02-2025T00:34:35 - [TEST_STEP][PASSED] - click(findTestObject("Object Repository/ProductNavigation/Page_JPetStore Demo/a_Enter the Store")): Object: 'Object Repository/ProductNavigation/Page_JPetStore Demo/a_Enter the Store' is clicked on

08-02-2025T00:34:37 - [MESSAGE][PASSED] - Object: 'Object Repository/ProductNavigation/Page_JPetStore Demo/a_Enter the Store' is clicked on

08-02-2025T00:34:37 - [TEST_STEP][PASSED] - click(findTestObject("Object Repository/ProductNavigation/Page_JPetStore Demo/img")): Object: 'Object Repository/ProductNavigation/Page_JPetStore Demo/img' is clicked on

08-02-2025T00:34:38 - [MESSAGE][PASSED] - Object: 'Object Repository/ProductNavigation/Page_JPetStore Demo/img' is clicked on

08-02-2025T00:34:38 - [TEST_STEP][PASSED] - click(findTestObject("Object Repository/ProductNavigation/Page_JPetStore Demo/a_FI-SW-01")): Object: 'Object Repository/ProductNavigation/Page_JPetStore Demo/a_FI-SW-01' is clicked on

08-02-2025T00:34:39 - [MESSAGE][PASSED] - Object: 'Object Repository/ProductNavigation/Page_JPetStore Demo/a_FI-SW-01' is clicked on

08-02-2025T00:34:39 - [TEST_STEP][PASSED] - click(findTestObject("Object Repository/ProductNavigation/Page_JPetStore Demo/a_EST-1")): Object: 'Object Repository/ProductNavigation/Page_JPetStore Demo/a_EST-1' is clicked on

08-02-2025T00:34:40 - [MESSAGE][PASSED] - Object: 'Object Repository/ProductNavigation/Page_JPetStore Demo/a_EST-1' is clicked on

08-02-2025T00:34:40 - [TEST_STEP][PASSED] - click(findTestObject("Object Repository/ProductNavigation/Page_JPetStore Demo/a_Add to Cart")): Object: 'Object Repository/ProductNavigation/Page_JPetStore Demo/a_Add to Cart' is clicked on

08-02-2025T00:34:41 - [MESSAGE][PASSED] - Object: 'Object Repository/ProductNavigation/Page_JPetStore Demo/a_Add to Cart' is clicked on

08-02-2025T00:34:41 - [TEST_STEP][PASSED] - click(findTestObject("Object Repository/ProductNavigation/Page_JPetStore Demo/a_Proceed to Checkout")): Object: 'Object Repository/ProductNavigation/Page_JPetStore Demo/a_Proceed to Checkout' is clicked on

08-02-2025T00:34:42 - [MESSAGE][PASSED] - Object: 'Object Repository/ProductNavigation/Page_JPetStore Demo/a_Proceed to Checkout' is clicked on

08-02-2025T00:34:42 - [TEST_STEP][PASSED] - click(findTestObject("Object Repository/ProductNavigation/Page_JPetStore Demo/img_1")): Object: 'Object Repository/ProductNavigation/Page_JPetStore Demo/img_1' is clicked on

08-02-2025T00:34:43 - [MESSAGE][PASSED] - Object: 'Object Repository/ProductNavigation/Page_JPetStore Demo/img_1' is clicked on

08-02-2025T00:34:43 - [TEST_STEP][PASSED] - click(findTestObject("Object Repository/ProductNavigation/Page_JPetStore Demo/a_K9-BD-01")): Object: 'Object Repository/ProductNavigation/Page_JPetStore Demo/a_K9-BD-01' is clicked on

08-02-2025T00:34:43 - [MESSAGE][PASSED] - Object: 'Object Repository/ProductNavigation/Page_JPetStore Demo/a_K9-BD-01' is clicked on

08-02-2025T00:34:43 - [TEST_STEP][PASSED] - click(findTestObject("Object Repository/ProductNavigation/Page_JPetStore Demo/a_EST-6")): Object: 'Object Repository/ProductNavigation/Page_JPetStore Demo/a_EST-6' is clicked on

08-02-2025T00:34:45 - [MESSAGE][PASSED] - Object: 'Object Repository/ProductNavigation/Page_JPetStore Demo/a_EST-6' is clicked on

08-02-2025T00:34:45 - [TEST_STEP][PASSED] - click(findTestObject("Object Repository/ProductNavigation/Page_JPetStore Demo/a_Add to Cart_1")): Object: 'Object Repository/ProductNavigation/Page_JPetStore Demo/a_Add to Cart_1' is clicked on

08-02-2025T00:34:46 - [MESSAGE][PASSED] - Object: 'Object Repository/ProductNavigation/Page_JPetStore Demo/a_Add to Cart_1' is clicked on

08-02-2025T00:34:46 - [TEST_STEP][PASSED] - click(findTestObject("Object Repository/ProductNavigation/Page_JPetStore Demo/a_Proceed to Checkout")): Object: 'Object Repository/ProductNavigation/Page_JPetStore Demo/a_Proceed to Checkout' is clicked on

08-02-2025T00:34:47 - [MESSAGE][PASSED] - Object: 'Object Repository/ProductNavigation/Page_JPetStore Demo/a_Proceed to Checkout' is clicked on

08-02-2025T00:34:47 - [TEST_STEP][PASSED] - click(findTestObject("Object Repository/ProductNavigation/Page_JPetStore Demo/img_1_2")): Object: 'Object Repository/ProductNavigation/Page_JPetStore Demo/img_1_2' is clicked on

08-02-2025T00:34:47 - [MESSAGE][PASSED] - Object: 'Object Repository/ProductNavigation/Page_JPetStore Demo/img_1_2' is clicked on

08-02-2025T00:34:47 - [TEST_STEP][PASSED] - click(findTestObject("Object Repository/ProductNavigation/Page_JPetStore Demo/a_RP-SN-01")): Object: 'Object Repository/ProductNavigation/Page_JPetStore Demo/a_RP-SN-01' is clicked on

08-02-2025T00:34:48 - [MESSAGE][PASSED] - Object: 'Object Repository/ProductNavigation/Page_JPetStore Demo/a_RP-SN-01' is clicked on

08-02-2025T00:34:48 - [TEST_STEP][PASSED] - click(findTestObject("Object Repository/ProductNavigation/Page_JPetStore Demo/a_EST-11")): Object: 'Object Repository/ProductNavigation/Page_JPetStore Demo/a_EST-11' is clicked on

08-02-2025T00:34:50 - [MESSAGE][PASSED] - Object: 'Object Repository/ProductNavigation/Page_JPetStore Demo/a_EST-11' is clicked on

08-02-2025T00:34:50 - [TEST_STEP][PASSED] - click(findTestObject("Object Repository/ProductNavigation/Page_JPetStore Demo/a_Add to Cart_1_2")): Object: 'Object Repository/ProductNavigation/Page_JPetStore Demo/a_Add to Cart_1_2' is clicked on

08-02-2025T00:34:50 - [MESSAGE][PASSED] - Object: 'Object Repository/ProductNavigation/Page_JPetStore Demo/a_Add to Cart_1_2' is clicked on

08-02-2025T00:34:50 - [TEST_STEP][PASSED] - click(findTestObject("Object Repository/ProductNavigation/Page_JPetStore Demo/a_Proceed to Checkout")): Object: 'Object Repository/ProductNavigation/Page_JPetStore Demo/a_Proceed to Checkout' is clicked on

08-02-2025T00:34:51 - [MESSAGE][PASSED] - Object: 'Object Repository/ProductNavigation/Page_JPetStore Demo/a_Proceed to Checkout' is clicked on

08-02-2025T00:34:51 - [TEST_STEP][PASSED] - closeBrowser(): Browser is closed

08-02-2025T00:34:52 - [MESSAGE][PASSED] - Browser is closed]]></system-out>
         <system-err><![CDATA[]]></system-err>
      </testcase>
      <system-out><![CDATA[08-02-2025T00:34:28 - [TEST_SUITE][PASSED] - TS_ProductNavigation: Test Cases/TC_ProductNavigation]]></system-out>
      <system-err><![CDATA[]]></system-err>
   </testsuite>
</testsuites>
